<?xml version="1.0" encoding="UTF-8"?>
<!-- Generated by org.testng.reporters.JUnitXMLReporter -->
<testsuite ignored="3" hostname="DESKTOP-027RU80" failures="0" tests="1" name="Default test" time="8.01" errors="0" timestamp="03 Oct 2023 08:23:04 GMT">
  <testcase classname="FooterFunTest.GetTOKnowFunTest" name="careersFun" time="7.976"/>
  <testcase classname="FooterFunTest.GetTOKnowFunTest" name="PressReleasesFunTest" time="0.0">
    <ignored/>
  </testcase> <!-- PressReleasesFunTest -->
  <testcase classname="FooterFunTest.GetTOKnowFunTest" name="amazonScienceFunTest" time="0.0">
    <ignored/>
  </testcase> <!-- amazonScienceFunTest -->
  <testcase classname="FooterFunTest.GetTOKnowFunTest" name="aboutUsFun" time="0.0">
    <ignored/>
  </testcase> <!-- aboutUsFun -->
</testsuite> <!-- Default test -->
