<?xml version="1.0" encoding="UTF-8"?>
<testng-results ignored="3" total="4" passed="1" failed="0" skipped="0">
  <reporter-output>
  </reporter-output>
  <suite started-at="2023-10-03T08:22:56Z" name="Default suite" finished-at="2023-10-03T08:23:04Z" duration-ms="8010">
    <groups>
    </groups>
    <test started-at="2023-10-03T08:22:56Z" name="Default test" finished-at="2023-10-03T08:23:04Z" duration-ms="8010">
      <class name="FooterFunTest.GetTOKnowFunTest">
        <test-method is-config="true" signature="setup()[pri:0, instance:FooterFunTest.GetTOKnowFunTest@38b27cdc]" started-at="2023-10-03T08:22:41Z" name="setup" finished-at="2023-10-03T08:22:56Z" duration-ms="15316" status="PASS">
          <reporter-output>
          </reporter-output>
        </test-method> <!-- setup -->
        <test-method signature="careersFun()[pri:0, instance:FooterFunTest.GetTOKnowFunTest@38b27cdc]" started-at="2023-10-03T08:22:56Z" name="careersFun" finished-at="2023-10-03T08:23:04Z" duration-ms="7976" status="PASS">
          <reporter-output>
          </reporter-output>
        </test-method> <!-- careersFun -->
        <test-method is-config="true" signature="tearDown()[pri:0, instance:FooterFunTest.GetTOKnowFunTest@38b27cdc]" started-at="2023-10-03T08:23:04Z" name="tearDown" finished-at="2023-10-03T08:23:05Z" duration-ms="974" status="PASS">
          <reporter-output>
          </reporter-output>
        </test-method> <!-- tearDown -->
      </class> <!-- FooterFunTest.GetTOKnowFunTest -->
    </test> <!-- Default test -->
  </suite> <!-- Default suite -->
</testng-results>
